<?xml version="1.0" encoding="UTF-8"?>
<testsuite name="com.usventuresltd.answers.AnswersApplicationTests" tests="1" skipped="0" failures="0" errors="0" timestamp="2024-05-29T00:23:30" hostname="Swamys-Mac.local" time="0.402">
  <properties/>
  <testcase name="contextLoads()" classname="com.usventuresltd.answers.AnswersApplicationTests" time="0.402"/>
  <system-out><![CDATA[18:23:29.683 [Test worker] INFO org.springframework.test.context.support.AnnotationConfigContextLoaderUtils -- Could not detect default configuration classes for test class [com.usventuresltd.answers.AnswersApplicationTests]: AnswersApplicationTests does not declare any static, non-private, non-final, nested classes annotated with @Configuration.
18:23:29.717 [Test worker] INFO org.springframework.boot.test.context.SpringBootTestContextBootstrapper -- Found @SpringBootConfiguration com.usventuresltd.answers.AnswersApplication for test class com.usventuresltd.answers.AnswersApplicationTests
  .   ____          _            __ _ _
 /\\ / ___'_ __ _ _(_)_ __  __ _ \ \ \ \
( ( )\___ | '_ | '_| | '_ \/ _` | \ \ \ \
 \\/  ___)| |_)| | | | | || (_| |  ) ) ) )
  '  |____| .__|_| |_|_| |_\__, | / / / /
 =========|_|==============|___/=/_/_/_/

 :: Spring Boot ::                (v3.3.0)

2024-05-28T18:23:29.848-06:00  INFO 75488 --- [Answers] [    Test worker] c.u.answers.AnswersApplicationTests      : Starting AnswersApplicationTests using Java 21.0.2 with PID 75488 (started by swamysivasubramaniyan in /Users/swamysivasubramaniyan/home/repo/java/Answers)
2024-05-28T18:23:29.848-06:00  INFO 75488 --- [Answers] [    Test worker] c.u.answers.AnswersApplicationTests      : No active profile set, falling back to 1 default profile: "default"
2024-05-28T18:23:29.858-06:00 DEBUG 75488 --- [Answers] [    Test worker] o.s.w.c.s.GenericWebApplicationContext   : Refreshing org.springframework.web.context.support.GenericWebApplicationContext@7dcc91fd
2024-05-28T18:23:30.175-06:00 DEBUG 75488 --- [Answers] [    Test worker] s.w.s.m.m.a.RequestMappingHandlerMapping : 3 mappings in 'requestMappingHandlerMapping'
2024-05-28T18:23:30.197-06:00 DEBUG 75488 --- [Answers] [    Test worker] o.s.w.s.handler.SimpleUrlHandlerMapping  : Patterns [/webjars/**, /**] in 'resourceHandlerMapping'
2024-05-28T18:23:30.206-06:00 DEBUG 75488 --- [Answers] [    Test worker] s.w.s.m.m.a.RequestMappingHandlerAdapter : ControllerAdvice beans: 0 @ModelAttribute, 0 @InitBinder, 1 RequestBodyAdvice, 1 ResponseBodyAdvice
2024-05-28T18:23:30.215-06:00 DEBUG 75488 --- [Answers] [    Test worker] .m.m.a.ExceptionHandlerExceptionResolver : ControllerAdvice beans: 0 @ExceptionHandler, 1 ResponseBodyAdvice
2024-05-28T18:23:30.250-06:00  INFO 75488 --- [Answers] [    Test worker] c.u.answers.AnswersApplicationTests      : Started AnswersApplicationTests in 0.485 seconds (process running for 0.937)
]]></system-out>
  <system-err><![CDATA[WARNING: A Java agent has been loaded dynamically (/Users/swamysivasubramaniyan/.gradle/caches/modules-2/files-2.1/net.bytebuddy/byte-buddy-agent/1.14.16/4a451ee6484abac3a498df0f3b33ed00a6fced4d/byte-buddy-agent-1.14.16.jar)
WARNING: If a serviceability tool is in use, please run with -XX:+EnableDynamicAgentLoading to hide this warning
WARNING: If a serviceability tool is not in use, please run with -Djdk.instrument.traceUsage for more information
WARNING: Dynamic loading of agents will be disallowed by default in a future release
]]></system-err>
</testsuite>
