<?xml version="1.0" encoding="UTF-8"?>
<testsuite name="com.usventuresltd.answers.controllers.HelloContorllerUnitTest" tests="1" skipped="0" failures="0" errors="0" timestamp="2024-05-29T21:08:28" hostname="Swamys-Mac.local" time="0.009">
  <properties/>
  <testcase name="sayHello()" classname="com.usventuresltd.answers.controllers.HelloContorllerUnitTest" time="0.009"/>
  <system-out><![CDATA[]]></system-out>
  <system-err><![CDATA[]]></system-err>
</testsuite>
