<?xml version="1.0" encoding="UTF-8"?>
<testsuite name="com.usventuresltd.answers.controllers.HelloRestControllerFunctionalTest" tests="1" skipped="0" failures="0" errors="0" timestamp="2024-05-29T22:11:02" hostname="Swamys-Mac.local" time="0.454">
  <properties/>
  <testcase name="sayHello()" classname="com.usventuresltd.answers.controllers.HelloRestControllerFunctionalTest" time="0.454"/>
  <system-out><![CDATA[16:11:01.895 [Test worker] INFO org.springframework.test.context.support.AnnotationConfigContextLoaderUtils -- Could not detect default configuration classes for test class [com.usventuresltd.answers.controllers.HelloRestControllerFunctionalTest]: HelloRestControllerFunctionalTest does not declare any static, non-private, non-final, nested classes annotated with @Configuration.
16:11:01.940 [Test worker] INFO org.springframework.boot.test.context.SpringBootTestContextBootstrapper -- Found @SpringBootConfiguration com.usventuresltd.answers.AnswersApplication for test class com.usventuresltd.answers.controllers.HelloRestControllerFunctionalTest
  .   ____          _            __ _ _
 /\\ / ___'_ __ _ _(_)_ __  __ _ \ \ \ \
( ( )\___ | '_ | '_| | '_ \/ _` | \ \ \ \
 \\/  ___)| |_)| | | | | || (_| |  ) ) ) )
  '  |____| .__|_| |_|_| |_\__, | / / / /
 =========|_|==============|___/=/_/_/_/

 :: Spring Boot ::                (v3.3.0)

2024-05-29T16:11:02.071-06:00  INFO 87112 --- [Answers] [    Test worker] .u.a.c.HelloRestControllerFunctionalTest : Starting HelloRestControllerFunctionalTest using Java 17.0.10 with PID 87112 (started by swamysivasubramaniyan in /Users/swamysivasubramaniyan/home/repo/java/Answers)
2024-05-29T16:11:02.072-06:00  INFO 87112 --- [Answers] [    Test worker] .u.a.c.HelloRestControllerFunctionalTest : No active profile set, falling back to 1 default profile: "default"
2024-05-29T16:11:02.368-06:00  INFO 87112 --- [Answers] [    Test worker] o.s.b.w.embedded.tomcat.TomcatWebServer  : Tomcat initialized with port 0 (http)
2024-05-29T16:11:02.373-06:00  INFO 87112 --- [Answers] [    Test worker] o.apache.catalina.core.StandardService   : Starting service [Tomcat]
2024-05-29T16:11:02.373-06:00  INFO 87112 --- [Answers] [    Test worker] o.apache.catalina.core.StandardEngine    : Starting Servlet engine: [Apache Tomcat/10.1.24]
2024-05-29T16:11:02.395-06:00  INFO 87112 --- [Answers] [    Test worker] o.a.c.c.C.[Tomcat].[localhost].[/]       : Initializing Spring embedded WebApplicationContext
2024-05-29T16:11:02.395-06:00  INFO 87112 --- [Answers] [    Test worker] w.s.c.ServletWebServerApplicationContext : Root WebApplicationContext: initialization completed in 316 ms
2024-05-29T16:11:02.400-06:00 DEBUG 87112 --- [Answers] [    Test worker] o.s.b.w.s.ServletContextInitializerBeans : Mapping filters: characterEncodingFilter urls=[/*] order=-2147483648, formContentFilter urls=[/*] order=-9900, requestContextFilter urls=[/*] order=-105
2024-05-29T16:11:02.400-06:00 DEBUG 87112 --- [Answers] [    Test worker] o.s.b.w.s.ServletContextInitializerBeans : Mapping servlets: dispatcherServlet urls=[/]
2024-05-29T16:11:02.434-06:00  INFO 87112 --- [Answers] [    Test worker] o.s.b.a.w.s.WelcomePageHandlerMapping    : Adding welcome page: class path resource [static/index.html]
2024-05-29T16:11:02.455-06:00 DEBUG 87112 --- [Answers] [    Test worker] s.w.s.m.m.a.RequestMappingHandlerMapping : 4 mappings in 'requestMappingHandlerMapping'
2024-05-29T16:11:02.476-06:00 DEBUG 87112 --- [Answers] [    Test worker] o.s.w.s.handler.SimpleUrlHandlerMapping  : Patterns [/webjars/**, /**] in 'resourceHandlerMapping'
2024-05-29T16:11:02.484-06:00 DEBUG 87112 --- [Answers] [    Test worker] s.w.s.m.m.a.RequestMappingHandlerAdapter : ControllerAdvice beans: 0 @ModelAttribute, 0 @InitBinder, 1 RequestBodyAdvice, 1 ResponseBodyAdvice
2024-05-29T16:11:02.494-06:00 DEBUG 87112 --- [Answers] [    Test worker] .m.m.a.ExceptionHandlerExceptionResolver : ControllerAdvice beans: 0 @ExceptionHandler, 1 ResponseBodyAdvice
2024-05-29T16:11:02.530-06:00  INFO 87112 --- [Answers] [    Test worker] o.s.b.w.embedded.tomcat.TomcatWebServer  : Tomcat started on port 50304 (http) with context path '/'
2024-05-29T16:11:02.534-06:00  INFO 87112 --- [Answers] [    Test worker] .u.a.c.HelloRestControllerFunctionalTest : Started HelloRestControllerFunctionalTest in 0.555 seconds (process running for 0.924)
2024-05-29T16:11:02.894-06:00 DEBUG 87112 --- [Answers] [    Test worker] o.s.web.client.RestTemplate              : HTTP GET http://localhost:50304/rest
2024-05-29T16:11:02.915-06:00 DEBUG 87112 --- [Answers] [    Test worker] o.s.web.client.RestTemplate              : Accept=[application/json, application/*+json]
2024-05-29T16:11:02.939-06:00  INFO 87112 --- [Answers] [o-auto-1-exec-1] o.a.c.c.C.[Tomcat].[localhost].[/]       : Initializing Spring DispatcherServlet 'dispatcherServlet'
2024-05-29T16:11:02.939-06:00  INFO 87112 --- [Answers] [o-auto-1-exec-1] o.s.web.servlet.DispatcherServlet        : Initializing Servlet 'dispatcherServlet'
2024-05-29T16:11:02.940-06:00 DEBUG 87112 --- [Answers] [o-auto-1-exec-1] o.s.web.servlet.DispatcherServlet        : Detected StandardServletMultipartResolver
2024-05-29T16:11:02.940-06:00 DEBUG 87112 --- [Answers] [o-auto-1-exec-1] o.s.web.servlet.DispatcherServlet        : Detected AcceptHeaderLocaleResolver
2024-05-29T16:11:02.940-06:00 DEBUG 87112 --- [Answers] [o-auto-1-exec-1] o.s.web.servlet.DispatcherServlet        : Detected FixedThemeResolver
2024-05-29T16:11:02.940-06:00 DEBUG 87112 --- [Answers] [o-auto-1-exec-1] o.s.web.servlet.DispatcherServlet        : Detected org.springframework.web.servlet.view.DefaultRequestToViewNameTranslator@42ff9a77
2024-05-29T16:11:02.940-06:00 DEBUG 87112 --- [Answers] [o-auto-1-exec-1] o.s.web.servlet.DispatcherServlet        : Detected org.springframework.web.servlet.support.SessionFlashMapManager@6eaa6b0c
2024-05-29T16:11:02.940-06:00 DEBUG 87112 --- [Answers] [o-auto-1-exec-1] o.s.web.servlet.DispatcherServlet        : enableLoggingRequestDetails='false': request parameters and headers will be masked to prevent unsafe logging of potentially sensitive data
2024-05-29T16:11:02.940-06:00  INFO 87112 --- [Answers] [o-auto-1-exec-1] o.s.web.servlet.DispatcherServlet        : Completed initialization in 1 ms
2024-05-29T16:11:02.943-06:00 DEBUG 87112 --- [Answers] [o-auto-1-exec-1] o.s.web.servlet.DispatcherServlet        : GET "/rest", parameters={}
2024-05-29T16:11:02.945-06:00 DEBUG 87112 --- [Answers] [o-auto-1-exec-1] s.w.s.m.m.a.RequestMappingHandlerMapping : Mapped to com.usventuresltd.answers.controllers.HelloRestController#sayHello(String)
2024-05-29T16:11:02.957-06:00 DEBUG 87112 --- [Answers] [o-auto-1-exec-1] m.m.a.RequestResponseBodyMethodProcessor : Using 'application/json', given [application/json, application/*+json] and supported [application/json, application/*+json]
2024-05-29T16:11:02.958-06:00 DEBUG 87112 --- [Answers] [o-auto-1-exec-1] m.m.a.RequestResponseBodyMethodProcessor : Writing [Greeting[message=Hello, World]]
2024-05-29T16:11:02.963-06:00 DEBUG 87112 --- [Answers] [o-auto-1-exec-1] o.s.web.servlet.DispatcherServlet        : Completed 200 OK
2024-05-29T16:11:02.963-06:00 DEBUG 87112 --- [Answers] [    Test worker] o.s.web.client.RestTemplate              : Response 200 OK
2024-05-29T16:11:02.964-06:00 DEBUG 87112 --- [Answers] [    Test worker] o.s.web.client.RestTemplate              : Reading to [com.usventuresltd.answers.beans.Greeting]
2024-05-29T16:11:02.970-06:00 DEBUG 87112 --- [Answers] [    Test worker] o.s.web.client.RestTemplate              : HTTP GET http://localhost:50304/rest?name=Sarika
2024-05-29T16:11:02.970-06:00 DEBUG 87112 --- [Answers] [    Test worker] o.s.web.client.RestTemplate              : Accept=[application/json, application/*+json]
2024-05-29T16:11:02.970-06:00 DEBUG 87112 --- [Answers] [o-auto-1-exec-2] o.s.web.servlet.DispatcherServlet        : GET "/rest?name=Sarika", parameters={masked}
2024-05-29T16:11:02.971-06:00 DEBUG 87112 --- [Answers] [o-auto-1-exec-2] s.w.s.m.m.a.RequestMappingHandlerMapping : Mapped to com.usventuresltd.answers.controllers.HelloRestController#sayHello(String)
2024-05-29T16:11:02.971-06:00 DEBUG 87112 --- [Answers] [o-auto-1-exec-2] m.m.a.RequestResponseBodyMethodProcessor : Using 'application/json', given [application/json, application/*+json] and supported [application/json, application/*+json]
2024-05-29T16:11:02.971-06:00 DEBUG 87112 --- [Answers] [o-auto-1-exec-2] m.m.a.RequestResponseBodyMethodProcessor : Writing [Greeting[message=Hello, Sarika]]
2024-05-29T16:11:02.971-06:00 DEBUG 87112 --- [Answers] [o-auto-1-exec-2] o.s.web.servlet.DispatcherServlet        : Completed 200 OK
2024-05-29T16:11:02.971-06:00 DEBUG 87112 --- [Answers] [    Test worker] o.s.web.client.RestTemplate              : Response 200 OK
2024-05-29T16:11:02.971-06:00 DEBUG 87112 --- [Answers] [    Test worker] o.s.web.client.RestTemplate              : Reading to [com.usventuresltd.answers.beans.Greeting]
]]></system-out>
  <system-err><![CDATA[]]></system-err>
</testsuite>
